2026-06-12 00:19:42,655 INFO root Collecting keirin results for 2026-06-11
2026-06-12 00:19:42,655 INFO root Rendering result list (1/5): https://www.winticket.jp/keirin/results/20260611
2026-06-12 00:19:49,713 INFO root Found 83 result links
2026-06-12 00:19:51,624 INFO root Skip existing race: 20260611_MAE_01
2026-06-12 00:19:52,864 INFO root Skip existing race: 20260611_MAE_02
2026-06-12 00:19:53,715 INFO root Skip existing race: 20260611_MAE_03
2026-06-12 00:19:55,510 INFO root Skip existing race: 20260611_MAE_04
2026-06-12 00:19:56,731 INFO root Skip existing race: 20260611_MAE_05
2026-06-12 00:19:58,482 INFO root Skip existing race: 20260611_MAE_06
2026-06-12 00:19:59,883 INFO root Skip existing race: 20260611_MAE_07
2026-06-12 00:20:01,669 INFO root Skip existing race: 20260611_MAE_08
2026-06-12 00:20:03,064 INFO root Skip existing race: 20260611_MAE_09
2026-06-12 00:20:04,937 INFO root Skip existing race: 20260611_MAE_10
2026-06-12 00:20:06,016 INFO root Skip existing race: 20260611_MAE_11
2026-06-12 00:20:07,913 INFO root Skip existing race: 20260611_MAE_12
2026-06-12 00:20:09,365 INFO root Skip existing race: 20260611_UTS_01
2026-06-12 00:20:10,641 INFO root Skip existing race: 20260611_UTS_02
2026-06-12 00:20:11,776 INFO root Skip existing race: 20260611_UTS_03
2026-06-12 00:20:12,469 INFO root Skip existing race: 20260611_UTS_04
2026-06-12 00:20:14,721 INFO root Skip existing race: 20260611_UTS_05
2026-06-12 00:20:16,586 INFO root Skip existing race: 20260611_UTS_06
2026-06-12 00:20:18,383 INFO root Skip existing race: 20260611_UTS_07
2026-06-12 00:20:20,079 INFO root Skip existing race: 20260611_UTS_08
2026-06-12 00:20:21,302 INFO root Skip existing race: 20260611_UTS_09
2026-06-12 00:20:22,047 INFO root Skip existing race: 20260611_BEF_01
2026-06-12 00:20:23,846 INFO root Skip existing race: 20260611_BEF_02
2026-06-12 00:20:24,997 INFO root Skip existing race: 20260611_BEF_03
2026-06-12 00:20:26,805 INFO root Skip existing race: 20260611_BEF_04
2026-06-12 00:20:27,492 INFO root Skip existing race: 20260611_BEF_05
2026-06-12 00:20:28,049 INFO root Skip existing race: 20260611_BEF_06
2026-06-12 00:20:29,394 INFO root Skip existing race: 20260611_BEF_07
2026-06-12 00:20:31,301 INFO root Skip existing race: 20260611_BEF_08
2026-06-12 00:20:32,454 INFO root Skip existing race: 20260611_BEF_09
2026-06-12 00:20:34,090 INFO root Skip existing race: 20260611_AOM_01
2026-06-12 00:20:34,666 INFO root Skip existing race: 20260611_AOM_02
2026-06-12 00:20:36,744 INFO root Skip existing race: 20260611_AOM_03
2026-06-12 00:20:37,579 INFO root Skip existing race: 20260611_AOM_04
2026-06-12 00:20:39,198 INFO root Skip existing race: 20260611_AOM_05
2026-06-12 00:20:41,087 INFO root Skip existing race: 20260611_AOM_06
2026-06-12 00:20:42,058 INFO root Skip existing race: 20260611_AOM_07
2026-06-12 00:20:42,756 INFO root Skip existing race: 20260611_KEI_01
2026-06-12 00:20:44,593 INFO root Skip existing race: 20260611_KEI_02
2026-06-12 00:20:46,343 INFO root Skip existing race: 20260611_KEI_03
2026-06-12 00:20:48,249 INFO root Skip existing race: 20260611_KEI_04
2026-06-12 00:20:50,112 INFO root Skip existing race: 20260611_KEI_05
2026-06-12 00:20:51,273 INFO root Skip existing race: 20260611_KEI_06
2026-06-12 00:20:52,389 INFO root Skip existing race: 20260611_KEI_07
2026-06-12 00:20:54,403 INFO root Skip existing race: 20260611_KEI_08
2026-06-12 00:20:56,366 INFO root Skip existing race: 20260611_KEI_09
2026-06-12 00:20:57,437 INFO root Skip existing race: 20260611_KEI_10
2026-06-12 00:20:58,631 INFO root Skip existing race: 20260611_KEI_11
2026-06-12 00:21:00,232 INFO root Skip existing race: 20260611_SHI_01
2026-06-12 00:21:02,041 INFO root Skip existing race: 20260611_SHI_02
2026-06-12 00:21:02,759 INFO root Skip existing race: 20260611_SHI_03
2026-06-12 00:21:04,313 INFO root Skip existing race: 20260611_SHI_04
2026-06-12 00:21:05,960 INFO root Skip existing race: 20260611_SHI_05
2026-06-12 00:21:07,229 INFO root Skip existing race: 20260611_SHI_06
2026-06-12 00:21:08,421 INFO root Skip existing race: 20260611_SHI_07
2026-06-12 00:21:09,800 INFO root Skip existing race: 20260611_SHI_08
2026-06-12 00:21:11,334 INFO root Skip existing race: 20260611_SHI_09
2026-06-12 00:21:12,001 INFO root Skip existing race: 20260611_SHI_10
2026-06-12 00:21:13,806 INFO root Skip existing race: 20260611_SHI_11
2026-06-12 00:21:15,487 INFO root Skip existing race: 20260611_GIF_01
2026-06-12 00:21:16,497 INFO root Skip existing race: 20260611_GIF_02
2026-06-12 00:21:17,854 INFO root Skip existing race: 20260611_GIF_03
2026-06-12 00:21:20,130 INFO root Skip existing race: 20260611_GIF_04
2026-06-12 00:21:21,015 INFO root Skip existing race: 20260611_GIF_05
2026-06-12 00:21:22,983 INFO root Skip existing race: 20260611_GIF_06
2026-06-12 00:21:24,733 INFO root Skip existing race: 20260611_GIF_07
2026-06-12 00:21:25,999 INFO root Skip existing race: 20260611_GIF_08
2026-06-12 00:21:27,768 INFO root Skip existing race: 20260611_GIF_09
2026-06-12 00:21:29,777 INFO root Skip existing race: 20260611_GIF_10
2026-06-12 00:21:31,023 INFO root Skip existing race: 20260611_GIF_11
2026-06-12 00:21:33,004 INFO root Skip existing race: 20260611_GIF_12
2026-06-12 00:21:34,623 INFO root Skip existing race: 20260611_TAM_01
2026-06-12 00:21:35,915 INFO root Skip existing race: 20260611_TAM_02
2026-06-12 00:21:36,563 INFO root Skip existing race: 20260611_TAM_03
2026-06-12 00:21:38,503 INFO root Skip existing race: 20260611_TAM_04
2026-06-12 00:21:39,364 INFO root Skip existing race: 20260611_TAM_05
2026-06-12 00:21:40,581 INFO root Skip existing race: 20260611_TAM_06
2026-06-12 00:21:42,419 INFO root Skip existing race: 20260611_TAM_07
2026-06-12 00:21:43,173 INFO root Skip existing race: 20260611_TAM_08
2026-06-12 00:21:43,848 INFO root Skip existing race: 20260611_TAM_09
2026-06-12 00:21:45,174 INFO root Skip existing race: 20260611_TAM_10
2026-06-12 00:21:46,882 INFO root Skip existing race: 20260611_TAM_11
2026-06-12 00:21:48,401 INFO root Skip existing race: 20260611_TAM_12
2026-06-12 00:21:48,401 INFO root Completed: {'found': 83, 'saved': 0, 'skipped': 83, 'failed': 0}
