2026-06-11 23:27:39,248 INFO root Collecting keirin racecards for 2026-06-12
2026-06-11 23:27:39,248 INFO root Rendering racecard list (1/5): https://www.winticket.jp/keirin/racecard/20260612
2026-06-11 23:27:43,715 INFO root Found 71 racecard links
2026-06-11 23:27:49,621 INFO root Saved racecard: 20260612_AOM_01
2026-06-11 23:27:55,323 INFO root Saved racecard: 20260612_AOM_02
2026-06-11 23:28:01,014 INFO root Saved racecard: 20260612_AOM_03
2026-06-11 23:28:07,191 INFO root Saved racecard: 20260612_AOM_04
2026-06-11 23:28:14,408 INFO root Saved racecard: 20260612_AOM_05
2026-06-11 23:28:20,724 INFO root Saved racecard: 20260612_AOM_06
2026-06-11 23:28:27,063 INFO root Saved racecard: 20260612_AOM_07
2026-06-11 23:28:33,146 INFO root Saved racecard: 20260612_KEI_01
2026-06-11 23:28:39,291 INFO root Saved racecard: 20260612_KEI_02
2026-06-11 23:28:46,097 INFO root Saved racecard: 20260612_KEI_03
2026-06-11 23:28:52,399 INFO root Saved racecard: 20260612_KEI_04
2026-06-11 23:28:58,559 INFO root Saved racecard: 20260612_KEI_05
2026-06-11 23:29:04,597 INFO root Saved racecard: 20260612_KEI_06
2026-06-11 23:29:10,063 INFO root Saved racecard: 20260612_KEI_07
2026-06-11 23:29:16,057 INFO root Saved racecard: 20260612_KEI_08
2026-06-11 23:29:22,439 INFO root Saved racecard: 20260612_KEI_09
2026-06-11 23:29:28,958 INFO root Saved racecard: 20260612_KEI_10
2026-06-11 23:29:35,269 INFO root Saved racecard: 20260612_KEI_11
2026-06-11 23:29:41,365 INFO root Saved racecard: 20260612_SHI_01
2026-06-11 23:29:47,913 INFO root Saved racecard: 20260612_SHI_02
2026-06-11 23:29:54,693 INFO root Saved racecard: 20260612_SHI_03
2026-06-11 23:30:01,072 INFO root Saved racecard: 20260612_SHI_04
2026-06-11 23:30:07,628 INFO root Saved racecard: 20260612_SHI_05
2026-06-11 23:30:13,789 INFO root Saved racecard: 20260612_SHI_06
2026-06-11 23:30:20,671 INFO root Saved racecard: 20260612_SHI_07
2026-06-11 23:30:26,256 INFO root Saved racecard: 20260612_SHI_08
2026-06-11 23:30:32,251 INFO root Saved racecard: 20260612_SHI_09
2026-06-11 23:30:39,792 INFO root Saved racecard: 20260612_SHI_10
2026-06-11 23:30:46,813 INFO root Saved racecard: 20260612_SHI_11
2026-06-11 23:30:53,113 INFO root Saved racecard: 20260612_GIF_01
2026-06-11 23:30:59,490 INFO root Saved racecard: 20260612_GIF_02
2026-06-11 23:31:06,255 INFO root Saved racecard: 20260612_GIF_03
2026-06-11 23:31:13,808 INFO root Saved racecard: 20260612_GIF_04
2026-06-11 23:31:20,301 INFO root Saved racecard: 20260612_GIF_05
2026-06-11 23:31:26,931 INFO root Saved racecard: 20260612_GIF_06
2026-06-11 23:31:34,381 INFO root Saved racecard: 20260612_GIF_07
2026-06-11 23:31:40,659 INFO root Saved racecard: 20260612_GIF_08
2026-06-11 23:31:46,604 INFO root Saved racecard: 20260612_GIF_09
2026-06-11 23:31:52,904 INFO root Saved racecard: 20260612_GIF_10
2026-06-11 23:31:59,378 INFO root Saved racecard: 20260612_GIF_11
2026-06-11 23:32:05,167 INFO root Saved racecard: 20260612_GIF_12
2026-06-11 23:32:11,859 INFO root Saved racecard: 20260612_TAM_01
2026-06-11 23:32:18,047 INFO root Saved racecard: 20260612_TAM_02
2026-06-11 23:32:24,411 INFO root Saved racecard: 20260612_TAM_03
2026-06-11 23:32:30,202 INFO root Saved racecard: 20260612_TAM_04
2026-06-11 23:32:36,823 INFO root Saved racecard: 20260612_TAM_05
2026-06-11 23:32:43,116 INFO root Saved racecard: 20260612_TAM_06
2026-06-11 23:32:50,026 INFO root Saved racecard: 20260612_TAM_07
2026-06-11 23:32:56,647 INFO root Saved racecard: 20260612_TAM_08
2026-06-11 23:33:04,224 INFO root Saved racecard: 20260612_TAM_09
2026-06-11 23:33:10,202 INFO root Saved racecard: 20260612_TAM_10
2026-06-11 23:33:16,420 INFO root Saved racecard: 20260612_TAM_11
2026-06-11 23:33:22,538 INFO root Saved racecard: 20260612_TAM_12
2026-06-11 23:33:28,447 INFO root Saved racecard: 20260612_YAH_01
2026-06-11 23:33:34,819 INFO root Saved racecard: 20260612_YAH_02
2026-06-11 23:33:41,442 INFO root Saved racecard: 20260612_YAH_03
2026-06-11 23:33:48,050 INFO root Saved racecard: 20260612_YAH_04
2026-06-11 23:33:54,479 INFO root Saved racecard: 20260612_YAH_05
2026-06-11 23:34:05,246 INFO root Saved racecard: 20260612_YAH_06
2026-06-11 23:34:11,685 INFO root Saved racecard: 20260612_YAH_07
2026-06-11 23:34:18,057 INFO root Saved racecard: 20260612_YAH_08
2026-06-11 23:34:24,085 INFO root Saved racecard: 20260612_YAH_09
2026-06-11 23:34:29,969 INFO root Saved racecard: 20260612_TAKEO_01
2026-06-11 23:34:35,890 INFO root Saved racecard: 20260612_TAKEO_02
2026-06-11 23:34:41,806 INFO root Saved racecard: 20260612_TAKEO_03
2026-06-11 23:34:48,043 INFO root Saved racecard: 20260612_TAKEO_04
2026-06-11 23:34:53,954 INFO root Saved racecard: 20260612_TAKEO_05
2026-06-11 23:34:59,963 INFO root Saved racecard: 20260612_TAKEO_06
2026-06-11 23:35:05,805 INFO root Saved racecard: 20260612_TAKEO_07
2026-06-11 23:35:11,918 INFO root Saved racecard: 20260612_TAKEO_08
2026-06-11 23:35:18,046 INFO root Saved racecard: 20260612_TAKEO_09
2026-06-11 23:35:18,047 INFO root Completed: {'found': 71, 'saved': 71, 'skipped': 0, 'failed': 0}
